QRCodeReaderView-lib/build/outputs/logs/manifest-merger-debug-report.txt
-- Merging decision tree log ---
manifest
ADDED from ZooPatna\QRCodeReaderView-lib\AndroidManifest.xml:2:1-13:12
INJECTED from ZooPatna\QRCodeReaderView-lib\AndroidManifest.xml:2:1-13:12
INJECTED from ZooPatna\QRCodeReaderView-lib\AndroidManifest.xml:2:1-13:12
INJECTED from ZooPatna\QRCodeReaderView-lib\AndroidManifest.xml:2:1-13:12
INJECTED from ZooPatna\QRCodeReaderView-lib\AndroidManifest.xml:2:1-13:12
INJECTED from ZooPatna\QRCodeReaderView-lib\AndroidManifest.xml:2:1-13:12
INJECTED from ZooPatna\QRCodeReaderView-lib\AndroidManifest.xml:2:1-13:12
	package
		ADDED from ZooPatna\QRCodeReaderView-lib\AndroidManifest.xml:3:5-35
		INJECTED from ZooPatna\QRCodeReaderView-lib\AndroidManifest.xml
		INJECTED from ZooPatna\QRCodeReaderView-lib\AndroidManifest.xml
	android:versionName
		ADDED from ZooPatna\QRCodeReaderView-lib\AndroidManifest.xml:5:5-30
		INJECTED from ZooPatna\QRCodeReaderView-lib\AndroidManifest.xml
		INJECTED from ZooPatna\QRCodeReaderView-lib\AndroidManifest.xml
	xmlns:android
		ADDED from ZooPatna\QRCodeReaderView-lib\AndroidManifest.xml:2:11-69
	android:versionCode
		ADDED from ZooPatna\QRCodeReaderView-lib\AndroidManifest.xml:4:5-28
		INJECTED from ZooPatna\QRCodeReaderView-lib\AndroidManifest.xml
		INJECTED from ZooPatna\QRCodeReaderView-lib\AndroidManifest.xml
uses-sdk
ADDED from ZooPatna\QRCodeReaderView-lib\AndroidManifest.xml:7:5-9:41
	android:targetSdkVersion
		ADDED from ZooPatna\QRCodeReaderView-lib\AndroidManifest.xml:9:9-38
	android:minSdkVersion
		ADDED from ZooPatna\QRCodeReaderView-lib\AndroidManifest.xml:8:9-34
uses-permission#android.permission.CAMERA
ADDED from ZooPatna\QRCodeReaderView-lib\AndroidManifest.xml:11:5-65
	android:name
		ADDED from ZooPatna\QRCodeReaderView-lib\AndroidManifest.xml:11:22-62